DEPRECATION WARNING: Using a dynamic :action segment in a route is deprecated and will be removed in Rails 6.0. (called from block in <top (required)> at /Volumes/Home/Users/adh1003/Documents/Work/ROOL/2019/rcvsweb/config/routes.rb:9)
DEPRECATION WARNING: Using a dynamic :action segment in a route is deprecated and will be removed in Rails 6.0. (called from block in <top (required)> at /Volumes/Home/Users/adh1003/Documents/Work/ROOL/2019/rcvsweb/config/routes.rb:9)
DEPRECATION WARNING: Using a dynamic :action segment in a route is deprecated and will be removed in Rails 6.0. (called from block in <top (required)> at /Volumes/Home/Users/adh1003/Documents/Work/ROOL/2019/rcvsweb/config/routes.rb:9)
Started GET "/" for ::1 at 2019-03-31 12:25:25 +1300
  
LoadError (cannot load such file -- iconv):
  
app/controllers/application_controller.rb:3:in `<class:ApplicationController>'
app/controllers/application_controller.rb:1:in `<top (required)>'
DEPRECATION WARNING: Using a dynamic :action segment in a route is deprecated and will be removed in Rails 6.0. (called from block in <top (required)> at /Volumes/Home/Users/adh1003/Documents/Work/ROOL/2019/rcvsweb/config/routes.rb:9)
Started GET "/" for ::1 at 2019-03-31 12:28:43 +1300
  
ActionController::RoutingError (undefined method `before_filter' for ApplicationController:Class
Did you mean?  before_action):
  
app/controllers/application_controller.rb:7:in `<class:ApplicationController>'
app/controllers/application_controller.rb:1:in `<top (required)>'
Started GET "/" for ::1 at 2019-03-31 12:29:36 +1300
DEPRECATION WARNING: Using a dynamic :action segment in a route is deprecated and will be removed in Rails 6.0. (called from block in <top (required)> at /Volumes/Home/Users/adh1003/Documents/Work/ROOL/2019/rcvsweb/config/routes.rb:9)
  
ActionController::RoutingError (undefined method `session' for ApplicationController:Class):
  
app/controllers/application_controller.rb:12:in `<class:ApplicationController>'
app/controllers/application_controller.rb:1:in `<top (required)>'
DEPRECATION WARNING: Using a dynamic :action segment in a route is deprecated and will be removed in Rails 6.0. (called from block in <top (required)> at /Volumes/Home/Users/adh1003/Documents/Work/ROOL/2019/rcvsweb/config/routes.rb:9)
Started GET "/" for ::1 at 2019-03-31 12:31:07 +1300
  
ActionController::RoutingError (undefined local variable or method `session_options' for ApplicationController:Class):
  
app/controllers/application_controller.rb:12:in `<class:ApplicationController>'
app/controllers/application_controller.rb:1:in `<top (required)>'
Started GET "/" for ::1 at 2019-03-31 12:31:37 +1300
DEPRECATION WARNING: Using a dynamic :action segment in a route is deprecated and will be removed in Rails 6.0. (called from block in <top (required)> at /Volumes/Home/Users/adh1003/Documents/Work/ROOL/2019/rcvsweb/config/routes.rb:9)
Processing by ApplicationController#index as HTML
Completed 500 Internal Server Error in 1ms


  
ActionController::UrlGenerationError (No route matches {:action=>"run", :controller=>"rcvsweb"}):
  
app/controllers/application_controller.rb:13:in `index'
DEPRECATION WARNING: Using a dynamic :action segment in a route is deprecated and will be removed in Rails 6.0. (called from block in <top (required)> at /Volumes/Home/Users/adh1003/Documents/Work/ROOL/2019/rcvsweb/config/routes.rb:9)
DEPRECATION WARNING: Using a dynamic :action segment in a route is deprecated and will be removed in Rails 6.0. (called from block in <top (required)> at /Volumes/Home/Users/adh1003/Documents/Work/ROOL/2019/rcvsweb/config/routes.rb:9)
Started GET "/wiki/show/Page%20With%20Spaces" for ::1 at 2019-03-31 12:32:27 +1300
  
ActionController::RoutingError (No route matches [GET] "/wiki/show/Page%20With%20Spaces"):
  
actionpack (5.2.3) lib/action_dispatch/middleware/debug_exceptions.rb:65:in `call'
web-console (3.7.0) lib/web_console/middleware.rb:135:in `call_app'
web-console (3.7.0) lib/web_console/middleware.rb:30:in `block in call'
web-console (3.7.0) lib/web_console/middleware.rb:20:in `catch'
web-console (3.7.0) lib/web_console/middleware.rb:20:in `call'
actionpack (5.2.3) lib/action_dispatch/middleware/show_exceptions.rb:33:in `call'
railties (5.2.3) lib/rails/rack/logger.rb:38:in `call_app'
railties (5.2.3) lib/rails/rack/logger.rb:26:in `block in call'
activesupport (5.2.3) lib/active_support/tagged_logging.rb:71:in `block in tagged'
activesupport (5.2.3) lib/active_support/tagged_logging.rb:28:in `tagged'
activesupport (5.2.3) lib/active_support/tagged_logging.rb:71:in `tagged'
railties (5.2.3) lib/rails/rack/logger.rb:26:in `call'
sprockets-rails (3.2.1) lib/sprockets/rails/quiet_assets.rb:13:in `call'
actionpack (5.2.3) lib/action_dispatch/middleware/remote_ip.rb:81:in `call'
actionpack (5.2.3) lib/action_dispatch/middleware/request_id.rb:27:in `call'
rack (2.0.6) lib/rack/method_override.rb:22:in `call'
rack (2.0.6) lib/rack/runtime.rb:22:in `call'
activesupport (5.2.3) lib/active_support/cache/strategy/local_cache_middleware.rb:29:in `call'
actionpack (5.2.3) lib/action_dispatch/middleware/executor.rb:14:in `call'
actionpack (5.2.3) lib/action_dispatch/middleware/static.rb:127:in `call'
rack (2.0.6) lib/rack/sendfile.rb:111:in `call'
railties (5.2.3) lib/rails/engine.rb:524:in `call'
rack (2.0.6) lib/rack/handler/webrick.rb:86:in `service'
/Volumes/Home/Users/adh1003/.rbenv/versions/2.5.3/lib/ruby/2.5.0/webrick/httpserver.rb:140:in `service'
/Volumes/Home/Users/adh1003/.rbenv/versions/2.5.3/lib/ruby/2.5.0/webrick/httpserver.rb:96:in `run'
/Volumes/Home/Users/adh1003/.rbenv/versions/2.5.3/lib/ruby/2.5.0/webrick/server.rb:307:in `block in start_thread'
Started PUT "/__web_console/repl_sessions/567c050fa71438ed01d78b0e144e4398" for ::1 at 2019-03-31 12:34:55 +1300
Started PUT "/__web_console/repl_sessions/567c050fa71438ed01d78b0e144e4398" for ::1 at 2019-03-31 12:34:57 +1300
Started GET "/" for ::1 at 2019-03-31 12:35:01 +1300
Processing by ApplicationController#index as HTML
Completed 500 Internal Server Error in 1ms


  
ActionController::UrlGenerationError (No route matches {:action=>"run", :controller=>"rcvsweb"}):
  
app/controllers/application_controller.rb:13:in `index'
Started PUT "/__web_console/repl_sessions/c3147ca6017b8bcdfee600b4bd927b91" for ::1 at 2019-03-31 12:35:05 +1300
Started PUT "/__web_console/repl_sessions/c3147ca6017b8bcdfee600b4bd927b91" for ::1 at 2019-03-31 12:35:05 +1300
Started PUT "/__web_console/repl_sessions/c3147ca6017b8bcdfee600b4bd927b91" for ::1 at 2019-03-31 12:35:07 +1300
Started PUT "/__web_console/repl_sessions/c3147ca6017b8bcdfee600b4bd927b91" for ::1 at 2019-03-31 12:35:09 +1300
Started PUT "/__web_console/repl_sessions/c3147ca6017b8bcdfee600b4bd927b91" for ::1 at 2019-03-31 12:35:10 +1300
Started PUT "/__web_console/repl_sessions/c3147ca6017b8bcdfee600b4bd927b91" for ::1 at 2019-03-31 12:35:14 +1300
Started PUT "/__web_console/repl_sessions/c3147ca6017b8bcdfee600b4bd927b91" for ::1 at 2019-03-31 12:35:16 +1300
Started GET "/" for ::1 at 2019-03-31 12:42:26 +1300
DEPRECATION WARNING: Using a dynamic :action segment in a route is deprecated and will be removed in Rails 6.0. (called from block in <top (required)> at /Volumes/Home/Users/adh1003/Documents/Work/ROOL/2019/rcvsweb/config/routes.rb:9)
  
ActionController::RoutingError (undefined local variable or method `session_options' for ApplicationController:Class):
  
app/controllers/application_controller.rb:12:in `<class:ApplicationController>'
app/controllers/application_controller.rb:1:in `<top (required)>'
Started GET "/" for ::1 at 2019-03-31 12:42:34 +1300
DEPRECATION WARNING: Using a dynamic :action segment in a route is deprecated and will be removed in Rails 6.0. (called from block in <top (required)> at /Volumes/Home/Users/adh1003/Documents/Work/ROOL/2019/rcvsweb/config/routes.rb:9)
Processing by ApplicationController#index as HTML
Completed 500 Internal Server Error in 1ms


  
ActionController::UrlGenerationError (No route matches {:action=>"run", :controller=>"rcvsweb"}):
  
app/controllers/application_controller.rb:13:in `index'
Started GET "/" for ::1 at 2019-03-31 12:42:38 +1300
DEPRECATION WARNING: Using a dynamic :action segment in a route is deprecated and will be removed in Rails 6.0. (called from block in <top (required)> at /Volumes/Home/Users/adh1003/Documents/Work/ROOL/2019/rcvsweb/config/routes.rb:9)
Processing by ApplicationController#index as HTML
Completed 500 Internal Server Error in 1ms


  
ActionController::UrlGenerationError (No route matches {:action=>"run", :controller=>"rcvsweb"}):
  
app/controllers/application_controller.rb:13:in `index'
Started GET "/" for ::1 at 2019-03-31 12:43:37 +1300
Processing by ApplicationController#index as HTML
Completed 500 Internal Server Error in 1ms


  
ActionController::UrlGenerationError (No route matches {:action=>"run", :controller=>"rcvsweb"}):
  
app/controllers/application_controller.rb:13:in `index'
Started PUT "/__web_console/repl_sessions/bdd8c4c06f0a9b7a47d6cb8a3d14528b" for ::1 at 2019-03-31 12:43:39 +1300
Started PUT "/__web_console/repl_sessions/bdd8c4c06f0a9b7a47d6cb8a3d14528b" for ::1 at 2019-03-31 12:43:42 +1300
Started PUT "/__web_console/repl_sessions/bdd8c4c06f0a9b7a47d6cb8a3d14528b" for ::1 at 2019-03-31 12:43:49 +1300
Started PUT "/__web_console/repl_sessions/bdd8c4c06f0a9b7a47d6cb8a3d14528b" for ::1 at 2019-03-31 12:43:56 +1300
Started PUT "/__web_console/repl_sessions/bdd8c4c06f0a9b7a47d6cb8a3d14528b" for ::1 at 2019-03-31 12:44:22 +1300
DEPRECATION WARNING: Using a dynamic :action segment in a route is deprecated and will be removed in Rails 6.0. (called from block in <top (required)> at /Volumes/Home/Users/adh1003/Documents/Work/ROOL/2019/rcvsweb/config/routes.rb:9)
Started GET "/" for ::1 at 2019-03-31 12:44:46 +1300
Processing by ApplicationController#index as HTML
Completed 500 Internal Server Error in 1ms


  
ActionController::UrlGenerationError (No route matches {:action=>"run", :controller=>"rcvsweb"}):
  
app/controllers/application_controller.rb:13:in `index'
DEPRECATION WARNING: Using a dynamic :action segment in a route is deprecated and will be removed in Rails 6.0. (called from block in <top (required)> at /Volumes/Home/Users/adh1003/Documents/Work/ROOL/2019/rcvsweb/config/routes.rb:9)
DEPRECATION WARNING: Using a dynamic :action segment in a route is deprecated and will be removed in Rails 6.0. (called from block in <top (required)> at /Volumes/Home/Users/adh1003/Documents/Work/ROOL/2019/rcvsweb/config/routes.rb:9)
Started GET "/" for ::1 at 2019-03-31 12:47:57 +1300
Processing by ApplicationController#index as HTML
Redirected to http://localhost:3000rcvsweb#run
Completed 302 Found in 1ms


Started GET "/" for ::1 at 2019-03-31 12:47:57 +1300
Processing by ApplicationController#index as HTML
Redirected to http://localhost:3000rcvsweb#run
Completed 302 Found in 0ms


Started GET "/" for ::1 at 2019-03-31 12:47:57 +1300
Processing by ApplicationController#index as HTML
Redirected to http://localhost:3000rcvsweb#run
Completed 302 Found in 0ms


Started GET "/" for ::1 at 2019-03-31 12:47:59 +1300
Processing by ApplicationController#index as HTML
Redirected to http://localhost:3000rcvsweb#run
Completed 302 Found in 0ms


Started GET "/" for ::1 at 2019-03-31 12:47:59 +1300
Processing by ApplicationController#index as HTML
Redirected to http://localhost:3000rcvsweb#run
Completed 302 Found in 0ms


Started GET "/" for ::1 at 2019-03-31 12:47:59 +1300
Processing by ApplicationController#index as HTML
Redirected to http://localhost:3000rcvsweb#run
Completed 302 Found in 0ms


Started GET "/" for ::1 at 2019-03-31 12:48:10 +1300
DEPRECATION WARNING: Using a dynamic :action segment in a route is deprecated and will be removed in Rails 6.0. (called from block in <top (required)> at /Volumes/Home/Users/adh1003/Documents/Work/ROOL/2019/rcvsweb/config/routes.rb:9)
Processing by ApplicationController#index as HTML
Completed 500 Internal Server Error in 1ms


  
ActionController::UrlGenerationError (No route matches {:action=>"run", :controller=>"rcvsweb"}):
  
app/controllers/application_controller.rb:13:in `index'
Started PUT "/__web_console/repl_sessions/62cfed11718e43fa3b43659bf0463397" for ::1 at 2019-03-31 12:48:54 +1300
Started PUT "/__web_console/repl_sessions/62cfed11718e43fa3b43659bf0463397" for ::1 at 2019-03-31 12:48:56 +1300
Started PUT "/__web_console/repl_sessions/62cfed11718e43fa3b43659bf0463397" for ::1 at 2019-03-31 12:48:57 +1300
Started PUT "/__web_console/repl_sessions/62cfed11718e43fa3b43659bf0463397" for ::1 at 2019-03-31 12:48:59 +1300
Started PUT "/__web_console/repl_sessions/62cfed11718e43fa3b43659bf0463397" for ::1 at 2019-03-31 12:49:03 +1300
Started PUT "/__web_console/repl_sessions/62cfed11718e43fa3b43659bf0463397" for ::1 at 2019-03-31 12:49:04 +1300
Started PUT "/__web_console/repl_sessions/62cfed11718e43fa3b43659bf0463397" for ::1 at 2019-03-31 12:49:05 +1300
Started PUT "/__web_console/repl_sessions/62cfed11718e43fa3b43659bf0463397" for ::1 at 2019-03-31 12:49:05 +1300
Started PUT "/__web_console/repl_sessions/62cfed11718e43fa3b43659bf0463397" for ::1 at 2019-03-31 12:49:06 +1300
Started PUT "/__web_console/repl_sessions/62cfed11718e43fa3b43659bf0463397" for ::1 at 2019-03-31 12:49:08 +1300
Started PUT "/__web_console/repl_sessions/62cfed11718e43fa3b43659bf0463397" for ::1 at 2019-03-31 12:49:09 +1300
Started PUT "/__web_console/repl_sessions/62cfed11718e43fa3b43659bf0463397" for ::1 at 2019-03-31 12:49:10 +1300
Started PUT "/__web_console/repl_sessions/62cfed11718e43fa3b43659bf0463397" for ::1 at 2019-03-31 12:49:10 +1300
Started PUT "/__web_console/repl_sessions/62cfed11718e43fa3b43659bf0463397" for ::1 at 2019-03-31 12:49:34 +1300
Started PUT "/__web_console/repl_sessions/62cfed11718e43fa3b43659bf0463397" for ::1 at 2019-03-31 12:49:40 +1300
Started PUT "/__web_console/repl_sessions/62cfed11718e43fa3b43659bf0463397" for ::1 at 2019-03-31 12:49:51 +1300
Started PUT "/__web_console/repl_sessions/62cfed11718e43fa3b43659bf0463397" for ::1 at 2019-03-31 12:49:52 +1300
Started PUT "/__web_console/repl_sessions/62cfed11718e43fa3b43659bf0463397" for ::1 at 2019-03-31 12:50:01 +1300
Started PUT "/__web_console/repl_sessions/62cfed11718e43fa3b43659bf0463397" for ::1 at 2019-03-31 12:50:06 +1300
Started PUT "/__web_console/repl_sessions/62cfed11718e43fa3b43659bf0463397" for ::1 at 2019-03-31 12:50:07 +1300
Started PUT "/__web_console/repl_sessions/62cfed11718e43fa3b43659bf0463397" for ::1 at 2019-03-31 12:50:10 +1300
Started PUT "/__web_console/repl_sessions/62cfed11718e43fa3b43659bf0463397" for ::1 at 2019-03-31 12:50:10 +1300
Started PUT "/__web_console/repl_sessions/62cfed11718e43fa3b43659bf0463397" for ::1 at 2019-03-31 12:50:10 +1300
Started PUT "/__web_console/repl_sessions/62cfed11718e43fa3b43659bf0463397" for ::1 at 2019-03-31 12:50:12 +1300
Started PUT "/__web_console/repl_sessions/62cfed11718e43fa3b43659bf0463397" for ::1 at 2019-03-31 12:50:13 +1300
Started PUT "/__web_console/repl_sessions/62cfed11718e43fa3b43659bf0463397" for ::1 at 2019-03-31 12:50:16 +1300
Started PUT "/__web_console/repl_sessions/62cfed11718e43fa3b43659bf0463397" for ::1 at 2019-03-31 12:50:18 +1300
Started PUT "/__web_console/repl_sessions/62cfed11718e43fa3b43659bf0463397" for ::1 at 2019-03-31 12:50:49 +1300
Started PUT "/__web_console/repl_sessions/62cfed11718e43fa3b43659bf0463397" for ::1 at 2019-03-31 12:50:50 +1300
Started PUT "/__web_console/repl_sessions/62cfed11718e43fa3b43659bf0463397" for ::1 at 2019-03-31 12:51:00 +1300
Started PUT "/__web_console/repl_sessions/62cfed11718e43fa3b43659bf0463397" for ::1 at 2019-03-31 12:51:01 +1300
Started PUT "/__web_console/repl_sessions/62cfed11718e43fa3b43659bf0463397" for ::1 at 2019-03-31 12:51:02 +1300
Started PUT "/__web_console/repl_sessions/62cfed11718e43fa3b43659bf0463397" for ::1 at 2019-03-31 12:51:03 +1300
Started PUT "/__web_console/repl_sessions/62cfed11718e43fa3b43659bf0463397" for ::1 at 2019-03-31 12:51:03 +1300
Started PUT "/__web_console/repl_sessions/62cfed11718e43fa3b43659bf0463397" for ::1 at 2019-03-31 12:51:07 +1300
Started PUT "/__web_console/repl_sessions/62cfed11718e43fa3b43659bf0463397" for ::1 at 2019-03-31 12:51:12 +1300
Started PUT "/__web_console/repl_sessions/62cfed11718e43fa3b43659bf0463397" for ::1 at 2019-03-31 12:51:13 +1300
Started PUT "/__web_console/repl_sessions/62cfed11718e43fa3b43659bf0463397" for ::1 at 2019-03-31 12:51:16 +1300
Started PUT "/__web_console/repl_sessions/62cfed11718e43fa3b43659bf0463397" for ::1 at 2019-03-31 12:51:18 +1300
Started PUT "/__web_console/repl_sessions/62cfed11718e43fa3b43659bf0463397" for ::1 at 2019-03-31 12:51:21 +1300
Started PUT "/__web_console/repl_sessions/62cfed11718e43fa3b43659bf0463397" for ::1 at 2019-03-31 12:51:22 +1300
Started PUT "/__web_console/repl_sessions/62cfed11718e43fa3b43659bf0463397" for ::1 at 2019-03-31 12:51:24 +1300
Started PUT "/__web_console/repl_sessions/62cfed11718e43fa3b43659bf0463397" for ::1 at 2019-03-31 12:51:25 +1300
Started PUT "/__web_console/repl_sessions/62cfed11718e43fa3b43659bf0463397" for ::1 at 2019-03-31 12:51:26 +1300
Started PUT "/__web_console/repl_sessions/62cfed11718e43fa3b43659bf0463397" for ::1 at 2019-03-31 12:51:28 +1300
Started PUT "/__web_console/repl_sessions/62cfed11718e43fa3b43659bf0463397" for ::1 at 2019-03-31 12:51:29 +1300
Started PUT "/__web_console/repl_sessions/62cfed11718e43fa3b43659bf0463397" for ::1 at 2019-03-31 12:51:32 +1300
Started PUT "/__web_console/repl_sessions/62cfed11718e43fa3b43659bf0463397" for ::1 at 2019-03-31 12:51:35 +1300
Started PUT "/__web_console/repl_sessions/62cfed11718e43fa3b43659bf0463397" for ::1 at 2019-03-31 12:51:41 +1300
Started PUT "/__web_console/repl_sessions/62cfed11718e43fa3b43659bf0463397" for ::1 at 2019-03-31 12:51:42 +1300
Started PUT "/__web_console/repl_sessions/62cfed11718e43fa3b43659bf0463397" for ::1 at 2019-03-31 12:51:42 +1300
Started PUT "/__web_console/repl_sessions/62cfed11718e43fa3b43659bf0463397" for ::1 at 2019-03-31 12:51:44 +1300
Started GET "/" for ::1 at 2019-03-31 12:52:09 +1300
DEPRECATION WARNING: Using a dynamic :action segment in a route is deprecated and will be removed in Rails 6.0. (called from block in <top (required)> at /Volumes/Home/Users/adh1003/Documents/Work/ROOL/2019/rcvsweb/config/routes.rb:9)
Processing by ApplicationController#index as HTML
Redirected to http://localhost:3000/view/
Completed 302 Found in 1ms


Started GET "/view/" for ::1 at 2019-03-31 12:52:09 +1300
  
ActionController::RoutingError (No route matches [GET] "/view"):
  
actionpack (5.2.3) lib/action_dispatch/middleware/debug_exceptions.rb:65:in `call'
web-console (3.7.0) lib/web_console/middleware.rb:135:in `call_app'
web-console (3.7.0) lib/web_console/middleware.rb:30:in `block in call'
web-console (3.7.0) lib/web_console/middleware.rb:20:in `catch'
web-console (3.7.0) lib/web_console/middleware.rb:20:in `call'
actionpack (5.2.3) lib/action_dispatch/middleware/show_exceptions.rb:33:in `call'
railties (5.2.3) lib/rails/rack/logger.rb:38:in `call_app'
railties (5.2.3) lib/rails/rack/logger.rb:26:in `block in call'
activesupport (5.2.3) lib/active_support/tagged_logging.rb:71:in `block in tagged'
activesupport (5.2.3) lib/active_support/tagged_logging.rb:28:in `tagged'
activesupport (5.2.3) lib/active_support/tagged_logging.rb:71:in `tagged'
railties (5.2.3) lib/rails/rack/logger.rb:26:in `call'
sprockets-rails (3.2.1) lib/sprockets/rails/quiet_assets.rb:13:in `call'
actionpack (5.2.3) lib/action_dispatch/middleware/remote_ip.rb:81:in `call'
actionpack (5.2.3) lib/action_dispatch/middleware/request_id.rb:27:in `call'
rack (2.0.6) lib/rack/method_override.rb:22:in `call'
rack (2.0.6) lib/rack/runtime.rb:22:in `call'
activesupport (5.2.3) lib/active_support/cache/strategy/local_cache_middleware.rb:29:in `call'
actionpack (5.2.3) lib/action_dispatch/middleware/executor.rb:14:in `call'
actionpack (5.2.3) lib/action_dispatch/middleware/static.rb:127:in `call'
rack (2.0.6) lib/rack/sendfile.rb:111:in `call'
railties (5.2.3) lib/rails/engine.rb:524:in `call'
rack (2.0.6) lib/rack/handler/webrick.rb:86:in `service'
/Volumes/Home/Users/adh1003/.rbenv/versions/2.5.3/lib/ruby/2.5.0/webrick/httpserver.rb:140:in `service'
/Volumes/Home/Users/adh1003/.rbenv/versions/2.5.3/lib/ruby/2.5.0/webrick/httpserver.rb:96:in `run'
/Volumes/Home/Users/adh1003/.rbenv/versions/2.5.3/lib/ruby/2.5.0/webrick/server.rb:307:in `block in start_thread'
Started GET "/view/" for ::1 at 2019-03-31 12:52:17 +1300
DEPRECATION WARNING: Using a dynamic :action segment in a route is deprecated and will be removed in Rails 6.0. (called from block in <top (required)> at /Volumes/Home/Users/adh1003/Documents/Work/ROOL/2019/rcvsweb/config/routes.rb:9)
  
ActionController::RoutingError (No route matches [GET] "/view"):
  
actionpack (5.2.3) lib/action_dispatch/middleware/debug_exceptions.rb:65:in `call'
web-console (3.7.0) lib/web_console/middleware.rb:135:in `call_app'
web-console (3.7.0) lib/web_console/middleware.rb:30:in `block in call'
web-console (3.7.0) lib/web_console/middleware.rb:20:in `catch'
web-console (3.7.0) lib/web_console/middleware.rb:20:in `call'
actionpack (5.2.3) lib/action_dispatch/middleware/show_exceptions.rb:33:in `call'
railties (5.2.3) lib/rails/rack/logger.rb:38:in `call_app'
railties (5.2.3) lib/rails/rack/logger.rb:26:in `block in call'
activesupport (5.2.3) lib/active_support/tagged_logging.rb:71:in `block in tagged'
activesupport (5.2.3) lib/active_support/tagged_logging.rb:28:in `tagged'
activesupport (5.2.3) lib/active_support/tagged_logging.rb:71:in `tagged'
railties (5.2.3) lib/rails/rack/logger.rb:26:in `call'
sprockets-rails (3.2.1) lib/sprockets/rails/quiet_assets.rb:13:in `call'
actionpack (5.2.3) lib/action_dispatch/middleware/remote_ip.rb:81:in `call'
actionpack (5.2.3) lib/action_dispatch/middleware/request_id.rb:27:in `call'
rack (2.0.6) lib/rack/method_override.rb:22:in `call'
rack (2.0.6) lib/rack/runtime.rb:22:in `call'
activesupport (5.2.3) lib/active_support/cache/strategy/local_cache_middleware.rb:29:in `call'
actionpack (5.2.3) lib/action_dispatch/middleware/executor.rb:14:in `call'
actionpack (5.2.3) lib/action_dispatch/middleware/static.rb:127:in `call'
rack (2.0.6) lib/rack/sendfile.rb:111:in `call'
railties (5.2.3) lib/rails/engine.rb:524:in `call'
rack (2.0.6) lib/rack/handler/webrick.rb:86:in `service'
/Volumes/Home/Users/adh1003/.rbenv/versions/2.5.3/lib/ruby/2.5.0/webrick/httpserver.rb:140:in `service'
/Volumes/Home/Users/adh1003/.rbenv/versions/2.5.3/lib/ruby/2.5.0/webrick/httpserver.rb:96:in `run'
/Volumes/Home/Users/adh1003/.rbenv/versions/2.5.3/lib/ruby/2.5.0/webrick/server.rb:307:in `block in start_thread'
Started GET "/" for ::1 at 2019-03-31 12:52:24 +1300
Processing by ApplicationController#index as HTML
Redirected to http://localhost:3000/view/1
Completed 302 Found in 1ms


Started GET "/view/1" for ::1 at 2019-03-31 12:52:24 +1300
Processing by RcvswebController#run as HTML
  Parameters: {"url"=>"1"}
Completed 500 Internal Server Error in 1ms


  
NameError (uninitialized constant RcvswebController::CVSWEB_LOCATION):
  
app/controllers/rcvsweb_controller.rb:9:in `run'
DEPRECATION WARNING: Using a dynamic :action segment in a route is deprecated and will be removed in Rails 6.0. (called from block in <top (required)> at /Volumes/Home/Users/adh1003/Documents/Work/ROOL/2019/rcvsweb/config/routes.rb:9)
DEPRECATION WARNING: Using a dynamic :action segment in a route is deprecated and will be removed in Rails 6.0. (called from block in <top (required)> at /Volumes/Home/Users/adh1003/Documents/Work/ROOL/2019/rcvsweb/config/routes.rb:9)
Started GET "/" for ::1 at 2019-03-31 12:58:52 +1300
DEPRECATION WARNING: Using a dynamic :action segment in a route is deprecated and will be removed in Rails 6.0. (called from block in <top (required)> at /Volumes/Home/Users/adh1003/Documents/Work/ROOL/2019/rcvsweb/config/routes.rb:9)
Processing by ApplicationController#index as HTML
Redirected to http://localhost:3000/view
Completed 302 Found in 1ms


Started GET "/view" for ::1 at 2019-03-31 12:58:52 +1300
Processing by RcvswebController#run as HTML
Completed 500 Internal Server Error in 1ms


  
NameError (uninitialized constant RcvswebController::CVSWEB_LOCATION):
  
app/controllers/rcvsweb_controller.rb:9:in `run'
DEPRECATION WARNING: Using a dynamic :action segment in a route is deprecated and will be removed in Rails 6.0. (called from block in <top (required)> at /Volumes/Home/Users/adh1003/Documents/Work/ROOL/2019/rcvsweb/config/routes.rb:9)
Started GET "/view" for ::1 at 2019-03-31 13:02:28 +1300
Processing by RcvswebController#run as HTML
Completed 500 Internal Server Error in 1ms


  
NoMethodError (undefined method `env' for nil:NilClass
Did you mean?  end):
  
app/controllers/application_controller.rb:26:in `capture_script_output'
app/controllers/rcvsweb_controller.rb:9:in `run'
Started PUT "/__web_console/repl_sessions/41168db1209837f646da1c74a8af3a5f" for ::1 at 2019-03-31 13:02:55 +1300
Started PUT "/__web_console/repl_sessions/41168db1209837f646da1c74a8af3a5f" for ::1 at 2019-03-31 13:02:55 +1300
Started PUT "/__web_console/repl_sessions/41168db1209837f646da1c74a8af3a5f" for ::1 at 2019-03-31 13:02:57 +1300
Started PUT "/__web_console/repl_sessions/41168db1209837f646da1c74a8af3a5f" for ::1 at 2019-03-31 13:03:00 +1300
Started PUT "/__web_console/repl_sessions/41168db1209837f646da1c74a8af3a5f" for ::1 at 2019-03-31 13:03:01 +1300
Started PUT "/__web_console/repl_sessions/41168db1209837f646da1c74a8af3a5f" for ::1 at 2019-03-31 13:03:02 +1300
Started PUT "/__web_console/repl_sessions/41168db1209837f646da1c74a8af3a5f" for ::1 at 2019-03-31 13:03:02 +1300
Started PUT "/__web_console/repl_sessions/41168db1209837f646da1c74a8af3a5f" for ::1 at 2019-03-31 13:03:05 +1300
Started PUT "/__web_console/repl_sessions/41168db1209837f646da1c74a8af3a5f" for ::1 at 2019-03-31 13:03:15 +1300
Started PUT "/__web_console/repl_sessions/41168db1209837f646da1c74a8af3a5f" for ::1 at 2019-03-31 13:03:16 +1300
Started PUT "/__web_console/repl_sessions/41168db1209837f646da1c74a8af3a5f" for ::1 at 2019-03-31 13:03:20 +1300
Started PUT "/__web_console/repl_sessions/41168db1209837f646da1c74a8af3a5f" for ::1 at 2019-03-31 13:04:42 +1300
Started PUT "/__web_console/repl_sessions/41168db1209837f646da1c74a8af3a5f" for ::1 at 2019-03-31 13:04:43 +1300
Started PUT "/__web_console/repl_sessions/41168db1209837f646da1c74a8af3a5f" for ::1 at 2019-03-31 13:04:48 +1300
Started PUT "/__web_console/repl_sessions/41168db1209837f646da1c74a8af3a5f" for ::1 at 2019-03-31 13:04:50 +1300
Started PUT "/__web_console/repl_sessions/41168db1209837f646da1c74a8af3a5f" for ::1 at 2019-03-31 13:04:57 +1300
Started PUT "/__web_console/repl_sessions/41168db1209837f646da1c74a8af3a5f" for ::1 at 2019-03-31 13:04:58 +1300
Started PUT "/__web_console/repl_sessions/41168db1209837f646da1c74a8af3a5f" for ::1 at 2019-03-31 13:04:58 +1300
Started PUT "/__web_console/repl_sessions/41168db1209837f646da1c74a8af3a5f" for ::1 at 2019-03-31 13:05:03 +1300
Started PUT "/__web_console/repl_sessions/41168db1209837f646da1c74a8af3a5f" for ::1 at 2019-03-31 13:05:03 +1300
Started PUT "/__web_console/repl_sessions/41168db1209837f646da1c74a8af3a5f" for ::1 at 2019-03-31 13:05:07 +1300
Started PUT "/__web_console/repl_sessions/41168db1209837f646da1c74a8af3a5f" for ::1 at 2019-03-31 13:05:10 +1300
Started PUT "/__web_console/repl_sessions/41168db1209837f646da1c74a8af3a5f" for ::1 at 2019-03-31 13:05:13 +1300
Started PUT "/__web_console/repl_sessions/41168db1209837f646da1c74a8af3a5f" for ::1 at 2019-03-31 13:05:13 +1300
Started PUT "/__web_console/repl_sessions/41168db1209837f646da1c74a8af3a5f" for ::1 at 2019-03-31 13:05:31 +1300
Started PUT "/__web_console/repl_sessions/41168db1209837f646da1c74a8af3a5f" for ::1 at 2019-03-31 13:05:33 +1300
Started PUT "/__web_console/repl_sessions/41168db1209837f646da1c74a8af3a5f" for ::1 at 2019-03-31 13:05:34 +1300
Started PUT "/__web_console/repl_sessions/41168db1209837f646da1c74a8af3a5f" for ::1 at 2019-03-31 13:05:35 +1300
Started PUT "/__web_console/repl_sessions/41168db1209837f646da1c74a8af3a5f" for ::1 at 2019-03-31 13:05:36 +1300
Started PUT "/__web_console/repl_sessions/41168db1209837f646da1c74a8af3a5f" for ::1 at 2019-03-31 13:05:51 +1300
Started PUT "/__web_console/repl_sessions/41168db1209837f646da1c74a8af3a5f" for ::1 at 2019-03-31 13:05:53 +1300
Started PUT "/__web_console/repl_sessions/41168db1209837f646da1c74a8af3a5f" for ::1 at 2019-03-31 13:05:55 +1300
Started PUT "/__web_console/repl_sessions/41168db1209837f646da1c74a8af3a5f" for ::1 at 2019-03-31 13:05:57 +1300
Started PUT "/__web_console/repl_sessions/41168db1209837f646da1c74a8af3a5f" for ::1 at 2019-03-31 13:05:57 +1300
Started PUT "/__web_console/repl_sessions/41168db1209837f646da1c74a8af3a5f" for ::1 at 2019-03-31 13:05:59 +1300
Started GET "/view" for ::1 at 2019-03-31 13:07:24 +1300
DEPRECATION WARNING: Using a dynamic :action segment in a route is deprecated and will be removed in Rails 6.0. (called from block in <top (required)> at /Volumes/Home/Users/adh1003/Documents/Work/ROOL/2019/rcvsweb/config/routes.rb:9)
Processing by RcvswebController#run as HTML
Completed 500 Internal Server Error in 1ms


  
NoMethodError (undefined method `env' for nil:NilClass
Did you mean?  end):
  
app/controllers/application_controller.rb:58:in `block in capture_script_output'
app/controllers/application_controller.rb:41:in `each'
app/controllers/application_controller.rb:41:in `capture_script_output'
app/controllers/rcvsweb_controller.rb:9:in `run'
Started PUT "/__web_console/repl_sessions/2bfcaf15dcbc725f41a4209a30232074" for ::1 at 2019-03-31 13:07:33 +1300
Started PUT "/__web_console/repl_sessions/2bfcaf15dcbc725f41a4209a30232074" for ::1 at 2019-03-31 13:07:33 +1300
Started PUT "/__web_console/repl_sessions/2bfcaf15dcbc725f41a4209a30232074" for ::1 at 2019-03-31 13:07:34 +1300
Started PUT "/__web_console/repl_sessions/2bfcaf15dcbc725f41a4209a30232074" for ::1 at 2019-03-31 13:07:40 +1300
Started PUT "/__web_console/repl_sessions/2bfcaf15dcbc725f41a4209a30232074" for ::1 at 2019-03-31 13:07:44 +1300
Started PUT "/__web_console/repl_sessions/2bfcaf15dcbc725f41a4209a30232074" for ::1 at 2019-03-31 13:07:44 +1300
Started PUT "/__web_console/repl_sessions/2bfcaf15dcbc725f41a4209a30232074" for ::1 at 2019-03-31 13:07:45 +1300
Started PUT "/__web_console/repl_sessions/2bfcaf15dcbc725f41a4209a30232074" for ::1 at 2019-03-31 13:07:46 +1300
Started PUT "/__web_console/repl_sessions/2bfcaf15dcbc725f41a4209a30232074" for ::1 at 2019-03-31 13:08:03 +1300
Started PUT "/__web_console/repl_sessions/2bfcaf15dcbc725f41a4209a30232074" for ::1 at 2019-03-31 13:08:06 +1300
Started PUT "/__web_console/repl_sessions/2bfcaf15dcbc725f41a4209a30232074" for ::1 at 2019-03-31 13:08:22 +1300
Started GET "/view" for ::1 at 2019-03-31 13:08:38 +1300
DEPRECATION WARNING: Using a dynamic :action segment in a route is deprecated and will be removed in Rails 6.0. (called from block in <top (required)> at /Volumes/Home/Users/adh1003/Documents/Work/ROOL/2019/rcvsweb/config/routes.rb:9)
Processing by RcvswebController#run as HTML
Completed 500 Internal Server Error in 1ms


  
NameError (uninitialized constant ApplicationController::Rails.root):
  
app/controllers/application_controller.rb:50:in `block in capture_script_output'
app/controllers/application_controller.rb:41:in `each'
app/controllers/application_controller.rb:41:in `capture_script_output'
app/controllers/rcvsweb_controller.rb:9:in `run'
Started PUT "/__web_console/repl_sessions/34c554f98ade24aebf400bca736de7a0" for ::1 at 2019-03-31 13:08:54 +1300
Started PUT "/__web_console/repl_sessions/34c554f98ade24aebf400bca736de7a0" for ::1 at 2019-03-31 13:08:56 +1300
Started PUT "/__web_console/repl_sessions/34c554f98ade24aebf400bca736de7a0" for ::1 at 2019-03-31 13:08:56 +1300
Started PUT "/__web_console/repl_sessions/34c554f98ade24aebf400bca736de7a0" for ::1 at 2019-03-31 13:09:04 +1300
Started PUT "/__web_console/repl_sessions/34c554f98ade24aebf400bca736de7a0" for ::1 at 2019-03-31 13:09:45 +1300
Started PUT "/__web_console/repl_sessions/34c554f98ade24aebf400bca736de7a0" for ::1 at 2019-03-31 13:09:50 +1300
Started PUT "/__web_console/repl_sessions/34c554f98ade24aebf400bca736de7a0" for ::1 at 2019-03-31 13:09:51 +1300
